[debug] [2022-03-21T21:41:51.191Z] ----------------------------------------------------------------------
[debug] [2022-03-21T21:41:51.193Z] Command:       C:\Program Files\nodejs\node.exe C:\Users\Mooni\AppData\Roaming\npm\node_modules\firebase-tools\lib\bin\firebase.js deploy --token /0c3wkH3_y-Ks6CgYIARAAGAwSNwF-L9Ir_ZwxqWumb26KQIA2tEXy3LPkAtOvSMKb26McTaG4e890zv-GiDbRdaBTZW7ZpzL9AOU
[debug] [2022-03-21T21:41:51.193Z] CLI Version:   10.2.1
[debug] [2022-03-21T21:41:51.193Z] Platform:      win32
[debug] [2022-03-21T21:41:51.193Z] Node Version:  v14.17.3
[debug] [2022-03-21T21:41:51.194Z] Time:          Mon Mar 21 2022 22:41:51 GMT+0100 (Central European Standard Time)
[debug] [2022-03-21T21:41:51.194Z] ----------------------------------------------------------------------
[debug] 
[debug] [2022-03-21T21:41:51.246Z] Object ".remoteconfig" in "firebase.json" is missing required property: {"missingProperty":"template"}
[debug] [2022-03-21T21:41:51.249Z] > command requires scopes: ["email","openid","https://www.googleapis.com/auth/cloudplatformprojects.readonly","https://www.googleapis.com/auth/firebase","https://www.googleapis.com/auth/cloud-platform"]
[debug] [2022-03-21T21:41:51.249Z] > authorizing via --token option
[debug] [2022-03-21T21:41:51.249Z] [iam] checking project learn-with-socrates-production for permissions ["cloudconfig.configs.get","cloudconfig.configs.update","firebase.projects.get","firebasehosting.sites.update"]
[debug] [2022-03-21T21:41:51.250Z] > refreshing access token with scopes: []
[debug] [2022-03-21T21:41:51.251Z] >>> HTTP REQUEST POST https://www.googleapis.com/oauth2/v3/token  
 <request body omitted>
[debug] [2022-03-21T21:41:52.625Z] <<< HTTP RESPONSE 400 {"expires":"Mon, 01 Jan 1990 00:00:00 GMT","cache-control":"no-cache, no-store, max-age=0, must-revalidate","pragma":"no-cache","date":"Mon, 21 Mar 2022 21:45:03 GMT","content-type":"application/json; charset=utf-8","vary":"X-Origin, Referer, Origin,Accept-Encoding","server":"scaffolding on HTTPServer2","x-xss-protection":"0","x-frame-options":"SAMEORIGIN","x-content-type-options":"nosniff","alt-svc":"h3=\":443\"; ma=2592000,h3-29=\":443\"; ma=2592000,h3-Q050=\":443\"; ma=2592000,h3-Q046=\":443\"; ma=2592000,h3-Q043=\":443\"; ma=2592000,quic=\":443\"; ma=2592000; v=\"46,43\"","accept-ranges":"none","transfer-encoding":"chunked"}
[debug] [2022-03-21T21:41:52.627Z] >>> [apiv2][query] POST https://cloudresourcemanager.googleapis.com/v1/projects/learn-with-socrates-production:testIamPermissions [none]
[debug] [2022-03-21T21:41:52.627Z] >>> [apiv2][body] POST https://cloudresourcemanager.googleapis.com/v1/projects/learn-with-socrates-production:testIamPermissions {"permissions":["cloudconfig.configs.get","cloudconfig.configs.update","firebase.projects.get","firebasehosting.sites.update"]}
[debug] [2022-03-21T21:41:54.840Z] <<< [apiv2][status] POST https://cloudresourcemanager.googleapis.com/v1/projects/learn-with-socrates-production:testIamPermissions 401
[debug] [2022-03-21T21:41:54.840Z] <<< [apiv2][body] POST https://cloudresourcemanager.googleapis.com/v1/projects/learn-with-socrates-production:testIamPermissions {"error":{"code":401,"message":"Request had invalid authentication credentials. Expected OAuth 2 access token, login cookie or other valid authentication credential. See https://developers.google.com/identity/sign-in/web/devconsole-project.","status":"UNAUTHENTICATED","details":[{"@type":"type.googleapis.com/google.rpc.ErrorInfo","reason":"ACCESS_TOKEN_TYPE_UNSUPPORTED","metadata":{"method":"google.cloudresourcemanager.v1.Projects.TestIamPermissions","service":"cloudresourcemanager.googleapis.com"}}]}}
[debug] [2022-03-21T21:41:54.840Z] [iam] error while checking permissions, command may fail: FirebaseError: HTTP Error: 401, Request had invalid authentication credentials. Expected OAuth 2 access token, login cookie or other valid authentication credential. See https://developers.google.com/identity/sign-in/web/devconsole-project.
[debug] [2022-03-21T21:41:54.841Z] > refreshing access token with scopes: []
[debug] [2022-03-21T21:41:54.841Z] >>> HTTP REQUEST POST https://www.googleapis.com/oauth2/v3/token  
 <request body omitted>
[debug] [2022-03-21T21:41:56.209Z] <<< HTTP RESPONSE 400 {"date":"Mon, 21 Mar 2022 21:45:06 GMT","cache-control":"no-cache, no-store, max-age=0, must-revalidate","pragma":"no-cache","expires":"Mon, 01 Jan 1990 00:00:00 GMT","content-type":"application/json; charset=utf-8","vary":"X-Origin, Referer, Origin,Accept-Encoding","server":"scaffolding on HTTPServer2","x-xss-protection":"0","x-frame-options":"SAMEORIGIN","x-content-type-options":"nosniff","alt-svc":"h3=\":443\"; ma=2592000,h3-29=\":443\"; ma=2592000,h3-Q050=\":443\"; ma=2592000,h3-Q046=\":443\"; ma=2592000,h3-Q043=\":443\"; ma=2592000,quic=\":443\"; ma=2592000; v=\"46,43\"","accept-ranges":"none","transfer-encoding":"chunked"}
[debug] [2022-03-21T21:41:56.210Z] >>> [apiv2][query] GET https://firebase.googleapis.com/v1beta1/projects/learn-with-socrates-production [none]
[debug] [2022-03-21T21:42:17.247Z] Failed to make request to https://firebase.googleapis.com/v1beta1/projects/learn-with-socrates-production
[debug] [2022-03-21T21:42:18.546Z] FirebaseError: Failed to make request to https://firebase.googleapis.com/v1beta1/projects/learn-with-socrates-production
    at RetryOperation._fn (C:\Users\Mooni\AppData\Roaming\npm\node_modules\firebase-tools\lib\apiv2.js:240:31)
    at processTicksAndRejections (internal/process/task_queues.js:95:5)
[error] 
[error] Error: Failed to get Firebase project learn-with-socrates-production. Please make sure the project exists and your account has permission to access it.
[debug] [2022-03-21T21:43:12.086Z] ----------------------------------------------------------------------
[debug] [2022-03-21T21:43:12.088Z] Command:       C:\Program Files\nodejs\node.exe C:\Users\Mooni\AppData\Roaming\npm\node_modules\firebase-tools\lib\bin\firebase.js deploy --token 1//0c3wkH3_y-Ks6CgYIARAAGAwSNwF-L9Ir_ZwxqWumb26KQIA2tEXy3LPkAtOvSMKb26McTaG4e890zv-GiDbRdaBTZW7ZpzL9AOU
[debug] [2022-03-21T21:43:12.088Z] CLI Version:   10.2.1
[debug] [2022-03-21T21:43:12.088Z] Platform:      win32
[debug] [2022-03-21T21:43:12.088Z] Node Version:  v14.17.3
[debug] [2022-03-21T21:43:12.089Z] Time:          Mon Mar 21 2022 22:43:12 GMT+0100 (Central European Standard Time)
[debug] [2022-03-21T21:43:12.090Z] ----------------------------------------------------------------------
[debug] 
[debug] [2022-03-21T21:43:12.156Z] Object ".remoteconfig" in "firebase.json" is missing required property: {"missingProperty":"template"}
[debug] [2022-03-21T21:43:12.161Z] > command requires scopes: ["email","openid","https://www.googleapis.com/auth/cloudplatformprojects.readonly","https://www.googleapis.com/auth/firebase","https://www.googleapis.com/auth/cloud-platform"]
[debug] [2022-03-21T21:43:12.161Z] > authorizing via --token option
[debug] [2022-03-21T21:43:12.161Z] [iam] checking project learn-with-socrates-production for permissions ["cloudconfig.configs.get","cloudconfig.configs.update","firebase.projects.get","firebasehosting.sites.update"]
[debug] [2022-03-21T21:43:12.162Z] > refreshing access token with scopes: []
[debug] [2022-03-21T21:43:12.163Z] >>> HTTP REQUEST POST https://www.googleapis.com/oauth2/v3/token  
 <request body omitted>
[debug] [2022-03-21T21:43:13.559Z] <<< HTTP RESPONSE 200 {"cache-control":"no-cache, no-store, max-age=0, must-revalidate","pragma":"no-cache","date":"Mon, 21 Mar 2022 21:46:23 GMT","expires":"Mon, 01 Jan 1990 00:00:00 GMT","content-type":"application/json; charset=utf-8","vary":"X-Origin, Referer, Origin,Accept-Encoding","server":"scaffolding on HTTPServer2","x-xss-protection":"0","x-frame-options":"SAMEORIGIN","x-content-type-options":"nosniff","alt-svc":"h3=\":443\"; ma=2592000,h3-29=\":443\"; ma=2592000,h3-Q050=\":443\"; ma=2592000,h3-Q046=\":443\"; ma=2592000,h3-Q043=\":443\"; ma=2592000,quic=\":443\"; ma=2592000; v=\"46,43\"","accept-ranges":"none","transfer-encoding":"chunked"}
[debug] [2022-03-21T21:43:13.561Z] >>> [apiv2][query] POST https://cloudresourcemanager.googleapis.com/v1/projects/learn-with-socrates-production:testIamPermissions [none]
[debug] [2022-03-21T21:43:13.562Z] >>> [apiv2][body] POST https://cloudresourcemanager.googleapis.com/v1/projects/learn-with-socrates-production:testIamPermissions {"permissions":["cloudconfig.configs.get","cloudconfig.configs.update","firebase.projects.get","firebasehosting.sites.update"]}
[debug] [2022-03-21T21:43:15.628Z] <<< [apiv2][status] POST https://cloudresourcemanager.googleapis.com/v1/projects/learn-with-socrates-production:testIamPermissions 200
[debug] [2022-03-21T21:43:15.628Z] <<< [apiv2][body] POST https://cloudresourcemanager.googleapis.com/v1/projects/learn-with-socrates-production:testIamPermissions {"permissions":["cloudconfig.configs.get","cloudconfig.configs.update","firebase.projects.get","firebasehosting.sites.update"]}
[debug] [2022-03-21T21:43:15.629Z] >>> [apiv2][query] GET https://firebase.googleapis.com/v1beta1/projects/learn-with-socrates-production [none]
[debug] [2022-03-21T21:43:36.671Z] Failed to make request to https://firebase.googleapis.com/v1beta1/projects/learn-with-socrates-production
[debug] [2022-03-21T21:43:57.714Z] FirebaseError: Failed to make request to https://firebase.googleapis.com/v1beta1/projects/learn-with-socrates-production
    at RetryOperation._fn (C:\Users\Mooni\AppData\Roaming\npm\node_modules\firebase-tools\lib\apiv2.js:240:31)
    at processTicksAndRejections (internal/process/task_queues.js:95:5)
[error] 
[error] Error: Failed to get Firebase project learn-with-socrates-production. Please make sure the project exists and your account has permission to access it.
